<?xml version="1.0" encoding="UTF-8"?>
<testng-results skipped="0" failed="0" ignored="0" total="1" passed="1">
  <reporter-output>
  </reporter-output>
  <suite name="Default suite" duration-ms="4852" started-at="2021-09-07T20:33:41 IST" finished-at="2021-09-07T20:33:46 IST">
    <groups>
    </groups>
    <test name="Default test" duration-ms="4852" started-at="2021-09-07T20:33:41 IST" finished-at="2021-09-07T20:33:46 IST">
      <class name="api_request_tests.googleApis.AddPlace_XML">
        <test-method status="PASS" signature="addPlace()[pri:0, instance:api_request_tests.googleApis.AddPlace_XML@52feb982]" name="addPlace" duration-ms="4695" started-at="2021-09-07T20:33:41 IST" finished-at="2021-09-07T20:33:46 IST">
          <reporter-output>
          </reporter-output>
        </test-method> <!-- addPlace -->
      </class> <!-- api_request_tests.googleApis.AddPlace_XML -->
    </test> <!-- Default test -->
  </suite> <!-- Default suite -->
</testng-results>
