<?xml version="1.0" encoding="UTF-8"?>
<testng-results skipped="0" failed="0" ignored="0" total="2" passed="2">
  <reporter-output>
  </reporter-output>
  <suite name="Default suite" duration-ms="7811" started-at="2021-09-08T20:20:39 IST" finished-at="2021-09-08T20:20:47 IST">
    <groups>
    </groups>
    <test name="Default test" duration-ms="7811" started-at="2021-09-08T20:20:39 IST" finished-at="2021-09-08T20:20:47 IST">
      <class name="api_request_tests.req_res.GetUsers">
        <test-method status="PASS" signature="getUsers()[pri:0, instance:api_request_tests.req_res.GetUsers@52feb982]" name="getUsers" duration-ms="7656" started-at="2021-09-08T20:20:39 IST" finished-at="2021-09-08T20:20:47 IST">
          <reporter-output>
          </reporter-output>
        </test-method> <!-- getUsers -->
        <test-method status="PASS" signature="verifyStatusCode()[pri:0, instance:api_request_tests.req_res.GetUsers@52feb982]" name="verifyStatusCode" duration-ms="32" started-at="2021-09-08T20:20:47 IST" finished-at="2021-09-08T20:20:47 IST">
          <reporter-output>
          </reporter-output>
        </test-method> <!-- verifyStatusCode -->
      </class> <!-- api_request_tests.req_res.GetUsers -->
    </test> <!-- Default test -->
  </suite> <!-- Default suite -->
</testng-results>
