<?xml version="1.0" encoding="UTF-8"?>
<!-- Generated by org.testng.reporters.JUnitXMLReporter -->
<testsuite hostname="DESKTOP-Q4NAHNC" ignored="0" name="Default test" tests="3" failures="0" timestamp="2021-09-03T21:20:51 IST" time="30.113" errors="0">
  <testcase name="postTweet" time="8.387" classname="twitterAPIs.TweetCRUDOpn"/>
  <testcase name="getTweetId" time="4.002" classname="twitterAPIs.TweetCRUDOpn"/>
  <testcase name="deleteId" time="15.691" classname="twitterAPIs.TweetCRUDOpn"/>
</testsuite> <!-- Default test -->
