<?xml version="1.0" encoding="UTF-8"?>
<testng-results skipped="0" failed="0" ignored="0" total="1" passed="1">
  <reporter-output>
  </reporter-output>
  <suite name="Suite" duration-ms="71179" started-at="2021-08-13T19:55:46 IST" finished-at="2021-08-13T19:56:57 IST">
    <groups>
    </groups>
    <test name="Test" duration-ms="71179" started-at="2021-08-13T19:55:46 IST" finished-at="2021-08-13T19:56:57 IST">
      <class name="FB.TestNGDemo">
        <test-method status="PASS" signature="m1()[pri:0, instance:FB.TestNGDemo@731a74c]" name="m1" duration-ms="71099" started-at="2021-08-13T19:55:46 IST" finished-at="2021-08-13T19:56:57 IST">
          <reporter-output>
          </reporter-output>
        </test-method> <!-- m1 -->
      </class> <!-- FB.TestNGDemo -->
    </test> <!-- Test -->
  </suite> <!-- Suite -->
</testng-results>
