<?xml version="1.0" encoding="UTF-8"?>
<testng-results skipped="0" failed="0" ignored="0" total="1" passed="1">
  <reporter-output>
  </reporter-output>
  <suite name="Default suite" duration-ms="6100" started-at="2021-09-01T20:52:56 IST" finished-at="2021-09-01T20:53:02 IST">
    <groups>
    </groups>
    <test name="Default test" duration-ms="6100" started-at="2021-09-01T20:52:56 IST" finished-at="2021-09-01T20:53:02 IST">
      <class name="twitterAPIs.AddTweet">
        <test-method status="PASS" signature="postTweet()[pri:0, instance:twitterAPIs.AddTweet@52feb982]" name="postTweet" duration-ms="5895" started-at="2021-09-01T20:52:56 IST" finished-at="2021-09-01T20:53:02 IST">
          <reporter-output>
          </reporter-output>
        </test-method> <!-- postTweet -->
      </class> <!-- twitterAPIs.AddTweet -->
    </test> <!-- Default test -->
  </suite> <!-- Default suite -->
</testng-results>
