<?xml version="1.0" encoding="UTF-8"?>
<testng-results skipped="0" failed="0" ignored="0" total="2" passed="2">
  <reporter-output>
  </reporter-output>
  <suite name="Suite" duration-ms="168155" started-at="2021-08-17T21:10:07 IST" finished-at="2021-08-17T21:12:56 IST">
    <groups>
    </groups>
    <test name="Test" duration-ms="146349" started-at="2021-08-17T21:10:07 IST" finished-at="2021-08-17T21:12:34 IST">
      <class name="GridDemo">
        <test-method status="PASS" signature="setUp(java.lang.String)[pri:0, instance:GridDemo@371a67ec]" name="setUp" duration-ms="146237" started-at="2021-08-17T21:10:08 IST" finished-at="2021-08-17T21:12:34 IST">
          <params>
            <param index="0">
              <value>
                <![CDATA[chrome]]>
              </value>
            </param>
          </params>
          <reporter-output>
          </reporter-output>
        </test-method> <!-- setUp -->
      </class> <!-- GridDemo -->
    </test> <!-- Test -->
    <test name="TestOnFF" duration-ms="168145" started-at="2021-08-17T21:10:07 IST" finished-at="2021-08-17T21:12:56 IST">
      <class name="GridDemo">
        <test-method status="PASS" signature="setUp(java.lang.String)[pri:0, instance:GridDemo@7276c8cd]" name="setUp" duration-ms="168056" started-at="2021-08-17T21:10:08 IST" finished-at="2021-08-17T21:12:56 IST">
          <params>
            <param index="0">
              <value>
                <![CDATA[firefox]]>
              </value>
            </param>
          </params>
          <reporter-output>
          </reporter-output>
        </test-method> <!-- setUp -->
      </class> <!-- GridDemo -->
    </test> <!-- TestOnFF -->
  </suite> <!-- Suite -->
</testng-results>
