<?xml version="1.0" encoding="UTF-8"?>
<!-- Generated by org.testng.reporters.JUnitXMLReporter -->
<testsuite hostname="DESKTOP-Q4NAHNC" ignored="0" name="Test1" tests="3" failures="0" timestamp="2021-07-15T19:31:14 IST" time="8.245" errors="0">
  <testcase name="app_browser_launch" time="8.144" classname="TestNGDemos.Prioritization"/>
  <testcase name="verifyUrl" time="0.023" classname="TestNGDemos.Prioritization"/>
  <testcase name="verifyTitle" time="0.013" classname="TestNGDemos.Prioritization"/>
</testsuite> <!-- Test1 -->
