<?xml version="1.0" encoding="UTF-8"?>
<!-- Generated by org.testng.reporters.JUnitXMLReporter -->
<testsuite hostname="DESKTOP-Q4NAHNC" ignored="0" name="Test" tests="8" failures="0" timestamp="2021-07-15T19:50:57 IST" time="17.334" errors="0">
  <testcase name="a" time="0.048" classname="TestNGDemos.AnnotationsDemo"/>
  <testcase name="b" time="0.004" classname="TestNGDemos.AnnotationsDemo"/>
  <testcase name="app_browser_launch" time="8.911" classname="TestNGDemos.Prioritization"/>
  <testcase name="verifyUrl" time="0.023" classname="TestNGDemos.Prioritization"/>
  <testcase name="verifyTitle" time="0.042" classname="TestNGDemos.Prioritization"/>
  <testcase name="app_browser_launch" time="8.077" classname="Prioritization"/>
  <testcase name="verifyUrl" time="0.015" classname="Prioritization"/>
  <testcase name="verifyTitle" time="0.015" classname="Prioritization"/>
</testsuite> <!-- Test -->
